{
  "RSpec": {
    "coverage": {
      "/home/vagrant/.viper/packages/viper_simplecov/lib/viper_simplecov.rb": [
        null,
        null,
        1,
        1,
        1,
        null,
        null,
        1,
        1,
        1,
        null
      ],
      "/home/vagrant/.viper/packages/viper_simplecov/lib/tools/load_cov.rb": [
        null,
        null,
        1,
        5,
        null
      ],
      "/home/vagrant/.viper/packages/viper_simplecov/lib/tools/cov.rb": [
        null,
        null,
        null,
        1,
        null,
        null,
        null,
        1,
        1,
        1,
        null,
        null,
        null,
        1,
        3,
        null,
        2,
        10,
        2,
        null,
        1,
        1,
        25,
        null,
        null
      ],
      "/home/vagrant/.viper/packages/viper_simplecov/lib/tools/cov_report.rb": [
        null,
        null,
        null,
        1,
        2,
        null,
        2,
        null,
        null,
        null,
        null,
        null,
        null,
        null,
        1,
        2,
        2,
        null,
        2,
        2,
        8,
        null,
        10,
        null,
        2,
        2,
        2,
        10,
        2,
        2,
        null
      ]
    },
    "timestamp": 1456880045
  }
}
